<?xml version="1.0" encoding="UTF-8"?>
<testng-results skipped="0" failed="0" ignored="0" total="1" passed="1">
  <reporter-output>
  </reporter-output>
  <suite name="webdriver" duration-ms="7757" started-at="2018-11-13T07:00:48Z" finished-at="2018-11-13T07:00:56Z">
    <groups>
    </groups>
    <test name="test" duration-ms="7757" started-at="2018-11-13T07:00:48Z" finished-at="2018-11-13T07:00:56Z">
      <class name="TestNG.addressbook">
        <test-method status="PASS" signature="launch()[pri:0, instance:TestNG.addressbook@343f4d3d]" name="launch" is-config="true" duration-ms="3422" started-at="2018-11-13T07:00:48Z" finished-at="2018-11-13T07:00:52Z">
          <reporter-output>
          </reporter-output>
        </test-method> <!-- launch -->
        <test-method status="PASS" signature="verifyaddbook()[pri:0, instance:TestNG.addressbook@343f4d3d]" name="verifyaddbook" duration-ms="4014" started-at="2018-11-13T07:00:52Z" finished-at="2018-11-13T07:00:56Z">
          <reporter-output>
          </reporter-output>
        </test-method> <!-- verifyaddbook -->
        <test-method status="PASS" signature="close()[pri:0, instance:TestNG.addressbook@343f4d3d]" name="close" is-config="true" duration-ms="283" started-at="2018-11-13T07:00:56Z" finished-at="2018-11-13T07:00:56Z">
          <reporter-output>
          </reporter-output>
        </test-method> <!-- close -->
      </class> <!-- TestNG.addressbook -->
    </test> <!-- test -->
  </suite> <!-- webdriver -->
</testng-results>
